#! /usr/bin/vvp
:ivl_version "10.1 (stable)";
:ivl_delay_selection "TYPICAL";
:vpi_time_precision - 11;
:vpi_module "system";
:vpi_module "vhdl_sys";
:vpi_module "v2005_math";
:vpi_module "va_math";
S_0x7fffe5a52450 .scope module, "testbench" "testbench" 2 18;
 .timescale -9 -11;
v0x7fffe5a72de0_0 .net "change_o", 5 0, v0x7fffe5a72360_0;  1 drivers
v0x7fffe5a72ec0_0 .var "clk", 0 0;
v0x7fffe5a72f60_0 .var "cnt", 3 0;
v0x7fffe5a73000_0 .var "cnt_pattern", 3 0;
v0x7fffe5a730c0_0 .net "drink_o", 1 0, v0x7fffe5a725e0_0;  1 drivers
v0x7fffe5a73180_0 .var "drinktype_i", 1 0;
v0x7fffe5a73220_0 .var "enable_i", 0 0;
v0x7fffe5a732f0_0 .net "enable_o", 0 0, v0x7fffe5a729a0_0;  1 drivers
v0x7fffe5a733c0_0 .var/i "err", 31 0;
v0x7fffe5a734f0_0 .var/i "gold", 31 0;
v0x7fffe5a735b0 .array "golden_change", 15 0, 5 0;
v0x7fffe5a73670 .array "golden_type", 15 0, 1 0;
v0x7fffe5a73730_0 .var "money_i", 5 0;
v0x7fffe5a73820_0 .var/i "pat", 31 0;
v0x7fffe5a738e0 .array "pattern_money", 15 0, 5 0;
v0x7fffe5a739a0 .array "pattern_type", 15 0, 1 0;
v0x7fffe5a73a60_0 .net "ready_o", 0 0, v0x7fffe5a72b40_0;  1 drivers
v0x7fffe5a73b30_0 .var "reset", 0 0;
E_0x7fffe5a33dc0 .event negedge, v0x7fffe5a72440_0;
S_0x7fffe5a525d0 .scope module, "DUT" "autoseller" 2 45, 3 1 0, S_0x7fffe5a52450;
 .timescale -9 -11;
    .port_info 0 /INPUT 1 "clk"
    .port_info 1 /INPUT 1 "reset"
    .port_info 2 /INPUT 1 "enable_i"
    .port_info 3 /INPUT 6 "money_i"
    .port_info 4 /INPUT 2 "drinktype_i"
    .port_info 5 /OUTPUT 1 "ready_o"
    .port_info 6 /OUTPUT 1 "enable_o"
    .port_info 7 /OUTPUT 6 "change_o"
    .port_info 8 /OUTPUT 2 "drink_o"
v0x7fffe5a40990_0 .net *"_s11", 5 0, L_0x7fffe5a83fb0;  1 drivers
v0x7fffe5a71fb0_0 .net *"_s13", 3 0, L_0x7fffe5a840b0;  1 drivers
L_0x7fd824a50060 .functor BUFT 1, C4<00>, C4<0>, C4<0>, C4<0>;
v0x7fffe5a72090_0 .net *"_s16", 1 0, L_0x7fd824a50060;  1 drivers
L_0x7fd824a500a8 .functor BUFT 1, C4<000000>, C4<0>, C4<0>, C4<0>;
v0x7fffe5a72150_0 .net/2u *"_s17", 5 0, L_0x7fd824a500a8;  1 drivers
L_0x7fd824a50018 .functor BUFT 1, C4<000000011110010100001111>, C4<0>, C4<0>, C4<0>;
v0x7fffe5a72230_0 .net/2u *"_s9", 23 0, L_0x7fd824a50018;  1 drivers
v0x7fffe5a72360_0 .var "change_o", 5 0;
v0x7fffe5a72440_0 .net "clk", 0 0, v0x7fffe5a72ec0_0;  1 drivers
v0x7fffe5a72500_0 .net "cost", 5 0, L_0x7fffe5a84230;  1 drivers
v0x7fffe5a725e0_0 .var "drink_o", 1 0;
v0x7fffe5a726c0 .array "drinkcost", 3 0;
v0x7fffe5a726c0_0 .net v0x7fffe5a726c0 0, 5 0, L_0x7fffe5a73c00; 1 drivers
v0x7fffe5a726c0_1 .net v0x7fffe5a726c0 1, 5 0, L_0x7fffe5a73d00; 1 drivers
v0x7fffe5a726c0_2 .net v0x7fffe5a726c0 2, 5 0, L_0x7fffe5a73dd0; 1 drivers
v0x7fffe5a726c0_3 .net v0x7fffe5a726c0 3, 5 0, L_0x7fffe5a73e70; 1 drivers
v0x7fffe5a72800_0 .net "drinktype_i", 1 0, v0x7fffe5a73180_0;  1 drivers
v0x7fffe5a728e0_0 .net "enable_i", 0 0, v0x7fffe5a73220_0;  1 drivers
v0x7fffe5a729a0_0 .var "enable_o", 0 0;
v0x7fffe5a72a60_0 .net "money_i", 5 0, v0x7fffe5a73730_0;  1 drivers
v0x7fffe5a72b40_0 .var "ready_o", 0 0;
v0x7fffe5a72c00_0 .net "reset", 0 0, v0x7fffe5a73b30_0;  1 drivers
E_0x7fffe5a33930 .event posedge, v0x7fffe5a72c00_0, v0x7fffe5a72440_0;
L_0x7fffe5a73c00 .part L_0x7fd824a50018, 18, 6;
L_0x7fffe5a73d00 .part L_0x7fd824a50018, 12, 6;
L_0x7fffe5a73dd0 .part L_0x7fd824a50018, 6, 6;
L_0x7fffe5a73e70 .part L_0x7fd824a50018, 0, 6;
L_0x7fffe5a83fb0 .array/port v0x7fffe5a726c0, L_0x7fffe5a840b0;
L_0x7fffe5a840b0 .concat [ 2 2 0 0], v0x7fffe5a73180_0, L_0x7fd824a50060;
L_0x7fffe5a84230 .functor MUXZ 6, L_0x7fd824a500a8, L_0x7fffe5a83fb0, v0x7fffe5a73220_0, C4<>;
    .scope S_0x7fffe5a525d0;
T_0 ;
    %wait E_0x7fffe5a33930;
    %load/vec4 v0x7fffe5a72c00_0;
    %flag_set/vec4 8;
    %jmp/0xz  T_0.0, 8;
    %pushi/vec4 1, 0, 1;
    %assign/vec4 v0x7fffe5a72b40_0, 0;
    %jmp T_0.1;
T_0.0 ;
    %load/vec4 v0x7fffe5a728e0_0;
    %flag_set/vec4 8;
    %jmp/0xz  T_0.2, 8;
    %load/vec4 v0x7fffe5a72a60_0;
    %load/vec4 v0x7fffe5a72500_0;
    %cmp/u;
    %jmp/0xz  T_0.4, 5;
    %load/vec4 v0x7fffe5a72a60_0;
    %assign/vec4 v0x7fffe5a72360_0, 0;
    %pushi/vec4 0, 0, 2;
    %assign/vec4 v0x7fffe5a725e0_0, 0;
    %jmp T_0.5;
T_0.4 ;
    %load/vec4 v0x7fffe5a72a60_0;
    %load/vec4 v0x7fffe5a72500_0;
    %sub;
    %assign/vec4 v0x7fffe5a72360_0, 0;
    %load/vec4 v0x7fffe5a72800_0;
    %assign/vec4 v0x7fffe5a725e0_0, 0;
T_0.5 ;
    %pushi/vec4 1, 0, 1;
    %assign/vec4 v0x7fffe5a729a0_0, 0;
    %pushi/vec4 1, 0, 1;
    %assign/vec4 v0x7fffe5a72b40_0, 0;
    %jmp T_0.3;
T_0.2 ;
    %pushi/vec4 0, 0, 1;
    %assign/vec4 v0x7fffe5a729a0_0, 0;
    %pushi/vec4 1, 0, 1;
    %assign/vec4 v0x7fffe5a72b40_0, 0;
T_0.3 ;
T_0.1 ;
    %jmp T_0;
    .thread T_0;
    .scope S_0x7fffe5a52450;
T_1 ;
    %vpi_call 2 21 "$dumpfile", "out.vcd" {0 0 0};
    %vpi_call 2 22 "$dumpvars" {0 0 0};
    %end;
    .thread T_1;
    .scope S_0x7fffe5a52450;
T_2 ;
    %delay 500, 0;
    %load/vec4 v0x7fffe5a72ec0_0;
    %inv;
    %store/vec4 v0x7fffe5a72ec0_0, 0, 1;
    %jmp T_2;
    .thread T_2;
    .scope S_0x7fffe5a52450;
T_3 ;
    %end;
    .thread T_3;
    .scope S_0x7fffe5a52450;
T_4 ;
    %vpi_call 2 78 "$readmemh", "pattern2_money.dat", v0x7fffe5a738e0 {0 0 0};
    %vpi_call 2 79 "$readmemb", "pattern2_type.dat", v0x7fffe5a739a0 {0 0 0};
    %vpi_call 2 80 "$readmemh", "golden2_change.dat", v0x7fffe5a735b0 {0 0 0};
    %vpi_call 2 81 "$readmemb", "golden2_type.dat", v0x7fffe5a73670 {0 0 0};
    %vpi_call 2 82 "$display", "\012 ================ 2014 Spring ICD HW4 - Automatic Selling Machine ================= " {0 0 0};
    %pushi/vec4 0, 0, 32;
    %store/vec4 v0x7fffe5a73820_0, 0, 32;
    %pushi/vec4 0, 0, 32;
    %store/vec4 v0x7fffe5a734f0_0, 0, 32;
    %pushi/vec4 0, 0, 32;
    %store/vec4 v0x7fffe5a733c0_0, 0, 32;
    %pushi/vec4 1, 0, 1;
    %store/vec4 v0x7fffe5a72ec0_0, 0, 1;
    %pushi/vec4 0, 0, 1;
    %store/vec4 v0x7fffe5a73b30_0, 0, 1;
    %pushi/vec4 0, 0, 1;
    %store/vec4 v0x7fffe5a73220_0, 0, 1;
    %pushi/vec4 0, 0, 6;
    %store/vec4 v0x7fffe5a73730_0, 0, 6;
    %pushi/vec4 0, 0, 2;
    %store/vec4 v0x7fffe5a73180_0, 0, 2;
    %pushi/vec4 10, 0, 4;
    %store/vec4 v0x7fffe5a72f60_0, 0, 4;
    %pushi/vec4 10, 0, 4;
    %store/vec4 v0x7fffe5a73000_0, 0, 4;
    %delay 1300, 0;
    %pushi/vec4 1, 0, 1;
    %store/vec4 v0x7fffe5a73b30_0, 0, 1;
    %delay 500, 0;
    %pushi/vec4 0, 0, 1;
    %store/vec4 v0x7fffe5a73b30_0, 0, 1;
    %end;
    .thread T_4;
    .scope S_0x7fffe5a52450;
T_5 ;
    %wait E_0x7fffe5a33dc0;
    %delay 100, 0;
    %load/vec4 v0x7fffe5a73a60_0;
    %pad/u 32;
    %pushi/vec4 1, 0, 32;
    %cmp/e;
    %flag_get/vec4 6;
    %load/vec4 v0x7fffe5a73820_0;
    %load/vec4 v0x7fffe5a73000_0;
    %pad/u 32;
    %cmp/u;
    %flag_get/vec4 5;
    %and;
    %flag_set/vec4 8;
    %jmp/0xz  T_5.0, 8;
    %pushi/vec4 1, 0, 1;
    %store/vec4 v0x7fffe5a73220_0, 0, 1;
    %ix/getv/s 4, v0x7fffe5a73820_0;
    %load/vec4a v0x7fffe5a738e0, 4;
    %store/vec4 v0x7fffe5a73730_0, 0, 6;
    %ix/getv/s 4, v0x7fffe5a73820_0;
    %load/vec4a v0x7fffe5a739a0, 4;
    %store/vec4 v0x7fffe5a73180_0, 0, 2;
    %load/vec4 v0x7fffe5a73820_0;
    %addi 1, 0, 32;
    %store/vec4 v0x7fffe5a73820_0, 0, 32;
    %jmp T_5.1;
T_5.0 ;
    %pushi/vec4 0, 0, 1;
    %store/vec4 v0x7fffe5a73220_0, 0, 1;
    %pushi/vec4 0, 0, 6;
    %store/vec4 v0x7fffe5a73730_0, 0, 6;
    %pushi/vec4 0, 0, 2;
    %store/vec4 v0x7fffe5a73180_0, 0, 2;
T_5.1 ;
    %jmp T_5;
    .thread T_5;
    .scope S_0x7fffe5a52450;
T_6 ;
    %delay 400000, 0;
    %delay 100, 0;
    %pushi/vec4 0, 0, 32;
    %load/vec4 v0x7fffe5a72f60_0;
    %pad/u 32;
    %cmp/u;
    %jmp/0xz  T_6.0, 5;
    %vpi_call 2 123 "$display", " =================== TIME OUT ======================\012" {0 0 0};
    %vpi_call 2 124 "$display", "         There are someting wrong in your code...  \012" {0 0 0};
    %vpi_call 2 125 "$display", "           If you need more simulation time         " {0 0 0};
    %vpi_call 2 126 "$display", "  You can try to modify ENDCYCLE in the testbench.\012" {0 0 0};
    %vpi_call 2 127 "$display", " =================== TIME OUT ======================\012" {0 0 0};
T_6.0 ;
    %vpi_call 2 129 "$finish" {0 0 0};
    %end;
    .thread T_6;
    .scope S_0x7fffe5a52450;
T_7 ;
    %wait E_0x7fffe5a33dc0;
    %load/vec4 v0x7fffe5a72f60_0;
    %pad/u 32;
    %cmpi/e 0, 0, 32;
    %jmp/0xz  T_7.0, 4;
    %load/vec4 v0x7fffe5a733c0_0;
    %cmpi/e 0, 0, 32;
    %jmp/0xz  T_7.2, 4;
    %vpi_call 2 136 "$display", "\012" {0 0 0};
    %vpi_call 2 137 "$display", "                      ****************************              " {0 0 0};
    %vpi_call 2 138 "$display", "                      **                        **        /|__/|" {0 0 0};
    %vpi_call 2 139 "$display", "                      **  Congratulations !!    **      / O,O  |" {0 0 0};
    %vpi_call 2 140 "$display", "                      **                        **    /_____   |" {0 0 0};
    %vpi_call 2 141 "$display", "                      **  You pass this test!!  **   /^ ^ ^ \134  |" {0 0 0};
    %vpi_call 2 142 "$display", "                      **                        **  |^ ^ ^ ^ |w|" {0 0 0};
    %vpi_call 2 143 "$display", "                      ****************************   \134m___m__|_|" {0 0 0};
    %vpi_call 2 144 "$display", "\012" {0 0 0};
    %vpi_call 2 145 "$finish" {0 0 0};
    %jmp T_7.3;
T_7.2 ;
    %vpi_call 2 148 "$display", "\012" {0 0 0};
    %vpi_call 2 149 "$display", "                      ****************************              " {0 0 0};
    %vpi_call 2 150 "$display", "                      **      *       *         **        /|__/|" {0 0 0};
    %vpi_call 2 151 "$display", "                      **        *   *           **      / >,<  |" {0 0 0};
    %vpi_call 2 152 "$display", "                      **          *             **    /_____   |" {0 0 0};
    %vpi_call 2 153 "$display", "                      **        *   *           **   /^ ^ ^ \134  |" {0 0 0};
    %vpi_call 2 154 "$display", "                      **      *       *         **  |^ ^ ^ ^ |w|" {0 0 0};
    %vpi_call 2 155 "$display", "                      ****************************   \134m___m__|_|" {0 0 0};
    %vpi_call 2 156 "$display", "\012" {0 0 0};
    %vpi_call 2 157 "$display", "There are %d errors in your results\012", v0x7fffe5a733c0_0 {0 0 0};
    %vpi_call 2 158 "$finish" {0 0 0};
T_7.3 ;
    %jmp T_7.1;
T_7.0 ;
    %load/vec4 v0x7fffe5a732f0_0;
    %pad/u 32;
    %cmpi/e 1, 0, 32;
    %jmp/0xz  T_7.4, 6;
    %load/vec4 v0x7fffe5a72f60_0;
    %subi 1, 0, 4;
    %store/vec4 v0x7fffe5a72f60_0, 0, 4;
    %load/vec4 v0x7fffe5a72de0_0;
    %ix/getv/s 4, v0x7fffe5a734f0_0;
    %load/vec4a v0x7fffe5a735b0, 4;
    %cmp/ne;
    %flag_mov 8, 6;
    %load/vec4 v0x7fffe5a730c0_0;
    %ix/getv/s 4, v0x7fffe5a734f0_0;
    %load/vec4a v0x7fffe5a73670, 4;
    %cmp/ne;
    %flag_or 6, 8;
    %jmp/0xz  T_7.6, 6;
    %vpi_call 2 168 "$display", "  At %5d NS", $time, "%c[0;33m", 32'sb00000000000000000000000000011011, " Error!", "%c[0;m", 32'sb00000000000000000000000000011011, "   The change, type should be: %3d, %2b", &A<v0x7fffe5a735b0, v0x7fffe5a734f0_0 >, &A<v0x7fffe5a73670, v0x7fffe5a734f0_0 >, " Your: %3d, %2b", v0x7fffe5a72de0_0, v0x7fffe5a730c0_0 {0 0 0};
    %load/vec4 v0x7fffe5a733c0_0;
    %addi 1, 0, 32;
    %store/vec4 v0x7fffe5a733c0_0, 0, 32;
    %load/vec4 v0x7fffe5a734f0_0;
    %addi 1, 0, 32;
    %store/vec4 v0x7fffe5a734f0_0, 0, 32;
    %jmp T_7.7;
T_7.6 ;
    %vpi_call 2 174 "$display", "  At %5d NS", $time, " Correct! The change, type should be: %3d, %2b", &A<v0x7fffe5a735b0, v0x7fffe5a734f0_0 >, &A<v0x7fffe5a73670, v0x7fffe5a734f0_0 >, " Your: %3d, %2b", v0x7fffe5a72de0_0, v0x7fffe5a730c0_0 {0 0 0};
    %load/vec4 v0x7fffe5a734f0_0;
    %addi 1, 0, 32;
    %store/vec4 v0x7fffe5a734f0_0, 0, 32;
T_7.7 ;
T_7.4 ;
T_7.1 ;
    %jmp T_7;
    .thread T_7;
# The file index is used to find the file name in the following table.
:file_names 4;
    "N/A";
    "<interactive>";
    "testbench2.v";
    "autoseller7.v";
